<?xml version="1.0" encoding="UTF-8"?>
<!-- Generated by org.testng.reporters.JUnitXMLReporter -->
<testsuite hostname="DESKTOP-TG9AS6C" ignored="0" name="Default test" tests="3" failures="0" timestamp="30 Nov 2018 06:52:36 GMT" time="66.625" errors="0">
  <testcase name="open" time="33.989" classname="Naukri_mav.Naukri_Mav_Testng.naukri_test"/>
  <testcase name="loginnaukri" time="32.126" classname="Naukri_mav.Naukri_Mav_Testng.naukri_test"/>
  <testcase name="editpref" time="0.456" classname="Naukri_mav.Naukri_Mav_Testng.naukri_test"/>
</testsuite> <!-- Default test -->
