<?xml version="1.0" encoding="UTF-8"?>
<!-- Generated by org.testng.reporters.JUnitXMLReporter -->
<testsuite hostname="DESKTOP-TG9AS6C" ignored="0" name="Default test" tests="3" failures="0" timestamp="30 Nov 2018 06:40:17 GMT" time="41.694" errors="0">
  <testcase name="open" time="6.265" classname="Naukri_mav.Naukri_Mav_Testng.naukri_test"/>
  <testcase name="loginnaukri" time="34.875" classname="Naukri_mav.Naukri_Mav_Testng.naukri_test"/>
  <testcase name="editpref" time="0.498" classname="Naukri_mav.Naukri_Mav_Testng.naukri_test"/>
</testsuite> <!-- Default test -->
